{"metric":"sfpowerscripts.scratchorgs.active.remaining","type":"guage","value":19,"timestamp":1758008623383,"tags":{"target_org":"sfdx.integration.user@nav.no"}}
{"metric":"sfpowerscripts.scratchorgs.daily.remaining","type":"guage","value":64,"timestamp":1758008623383,"tags":{"target_org":"sfdx.integration.user@nav.no"}}
{"metric":"sfpowerscripts.pool.footprint","type":"guage","value":20,"timestamp":1758008623383}
{"metric":"sfpowerscripts.pool.total","type":"guage","value":2,"timestamp":1758008623383,"tags":{"poolName":"platform"}}
{"metric":"sfpowerscripts.pool.available","type":"guage","value":2,"timestamp":1758008623383,"tags":{"poolName":"platform"}}
{"metric":"sfpowerscripts.pool.inuse","type":"guage","value":0,"timestamp":1758008623383,"tags":{"poolName":"platform"}}
{"metric":"sfpowerscripts.pool.provisioning","type":"guage","value":0,"timestamp":1758008623383,"tags":{"poolName":"platform"}}
{"metric":"sfpowerscripts.pool.total","type":"guage","value":4,"timestamp":1758008623383,"tags":{"poolName":"ci"}}
{"metric":"sfpowerscripts.pool.available","type":"guage","value":4,"timestamp":1758008623383,"tags":{"poolName":"ci"}}
{"metric":"sfpowerscripts.pool.inuse","type":"guage","value":0,"timestamp":1758008623383,"tags":{"poolName":"ci"}}
{"metric":"sfpowerscripts.pool.provisioning","type":"guage","value":0,"timestamp":1758008623384,"tags":{"poolName":"ci"}}
{"metric":"sfpowerscripts.pool.total","type":"guage","value":4,"timestamp":1758008623384,"tags":{"poolName":"ciPlatform"}}
{"metric":"sfpowerscripts.pool.available","type":"guage","value":4,"timestamp":1758008623384,"tags":{"poolName":"ciPlatform"}}
{"metric":"sfpowerscripts.pool.inuse","type":"guage","value":0,"timestamp":1758008623384,"tags":{"poolName":"ciPlatform"}}
{"metric":"sfpowerscripts.pool.provisioning","type":"guage","value":0,"timestamp":1758008623384,"tags":{"poolName":"ciPlatform"}}
{"metric":"sfpowerscripts.pool.total","type":"guage","value":10,"timestamp":1758008623384,"tags":{"poolName":"dev"}}
{"metric":"sfpowerscripts.pool.available","type":"guage","value":4,"timestamp":1758008623384,"tags":{"poolName":"dev"}}
{"metric":"sfpowerscripts.pool.inuse","type":"guage","value":6,"timestamp":1758008623384,"tags":{"poolName":"dev"}}
{"metric":"sfpowerscripts.pool.provisioning","type":"guage","value":0,"timestamp":1758008623384,"tags":{"poolName":"dev"}}
{"metric":"sfpowerscripts.pool.available","type":"guage","value":8,"timestamp":1757336063639,"tags":{}}
{"metric":"sfpowerscripts.build.scheduled.packages","type":"count","timestamp":1757336064032,"tags":{"package":"crm-platform-base","type":"unlocked","is_diffcheck_enabled":"true","is_dependency_validated":"false","pr_mode":"true"}}
{"metric":"sfpowerscripts.package.metadatacount","type":"guage","value":1258,"timestamp":1757336066951,"tags":{"package":"crm-platform-base","type":"unlocked"}}
{"metric":"sfpowerscripts.package.metadatacount","type":"guage","value":1258,"timestamp":1757336066951,"tags":{"package":"crm-platform-base","type":"unlocked"}}
{"metric":"sfpowerscripts.package.created","type":"count","timestamp":1757336066951,"tags":{"package":"crm-platform-base","type":"unlocked","is_dependency_validated":"undefined"}}
{"metric":"sfpowerscripts.package.elapsed.time","type":"timers","value":19,"timestamp":1757336066952,"tags":{"package":"crm-platform-base","type":"unlocked","is_dependency_validated":"undefined"}}
{"metric":"sfpowerscripts.package.creation.elapsed_time","type":"timers","value":19,"timestamp":1757336066952,"tags":{"package":"crm-platform-base","type":"unlocked","is_dependency_validated":"undefined"}}
{"metric":"sfpowerscripts.build.succeeded.packages","type":"count","timestamp":1757336066953,"tags":{"package":"crm-platform-base","type":"unlocked","is_diffcheck_enabled":"true","is_dependency_validated":"false","pr_mode":"true"}}
{"metric":"sfpowerscripts.pool.available","type":"guage","value":8,"timestamp":1757417152802,"tags":{}}
{"metric":"sfpowerscripts.build.scheduled.packages","type":"count","timestamp":1757417153004,"tags":{"package":"crm-platform-base","type":"unlocked","is_diffcheck_enabled":"true","is_dependency_validated":"false","pr_mode":"true"}}
{"metric":"sfpowerscripts.package.metadatacount","type":"guage","value":1258,"timestamp":1757417155526,"tags":{"package":"crm-platform-base","type":"unlocked"}}
{"metric":"sfpowerscripts.package.metadatacount","type":"guage","value":1258,"timestamp":1757417155526,"tags":{"package":"crm-platform-base","type":"unlocked"}}
{"metric":"sfpowerscripts.package.created","type":"count","timestamp":1757417155526,"tags":{"package":"crm-platform-base","type":"unlocked","is_dependency_validated":"undefined"}}
{"metric":"sfpowerscripts.package.elapsed.time","type":"timers","value":25,"timestamp":1757417155526,"tags":{"package":"crm-platform-base","type":"unlocked","is_dependency_validated":"undefined"}}
{"metric":"sfpowerscripts.package.creation.elapsed_time","type":"timers","value":25,"timestamp":1757417155526,"tags":{"package":"crm-platform-base","type":"unlocked","is_dependency_validated":"undefined"}}
{"metric":"sfpowerscripts.build.succeeded.packages","type":"count","timestamp":1757417155528,"tags":{"package":"crm-platform-base","type":"unlocked","is_diffcheck_enabled":"true","is_dependency_validated":"false","pr_mode":"true"}}
{"metric":"sfpowerscripts.package.installation.elapsed_time","type":"timers","value":89387,"timestamp":1757417246259,"tags":{"package":"crm-platform-base","type":"unlocked","target_org":"test-rai4omstn7uc@example.com"}}
{"metric":"sfpowerscripts.package.installation","type":"count","timestamp":1757417246260,"tags":{"package":"crm-platform-base","type":"unlocked","target_org":"test-rai4omstn7uc@example.com"}}
{"metric":"sfpowerscripts.apextest.testtotal.time","type":"guage","value":429662,"timestamp":1757417675925,"tags":{"test_result":"false","package":"crm-platform-base","target_org":"test-rai4omstn7uc@example.com"}}
{"metric":"sfpowerscripts.apextest.command.time","type":"guage","value":589,"timestamp":1757417675935,"tags":{"test_result":"false","package":"crm-platform-base","type":"RunSpecifiedTests","target_org":"test-rai4omstn7uc@example.com"}}
{"metric":"sfpowerscripts.apextests.triggered","type":"count","timestamp":1757417675935,"tags":{"test_result":"false","package":"crm-platform-base","type":"RunSpecifiedTests","target_org":"test-rai4omstn7uc@example.com"}}
{"metric":"sfpowerscripts.validate.failed","type":"count","timestamp":1757417675937,"tags":{"validation_mode":"thorough"}}
{"metric":"sfpowerscripts.validate.duration","type":"guage","value":526977,"timestamp":1757417675938,"tags":{"validation_mode":"thorough"}}
{"metric":"sfpowerscripts.validate.scheduled","type":"count","timestamp":1757417675938,"tags":{"validation_mode":"thorough"}}
{"metric":"sfpowerscripts.validate.packages.scheduled","type":"guage","value":1,"timestamp":1757417675938,"tags":{"validation_mode":"thorough"}}
{"metric":"sfpowerscripts.validate.packages.succeeded","type":"guage","value":1,"timestamp":1757417675938,"tags":{"validation_mode":"thorough"}}
{"metric":"sfpowerscripts.validate.packages.failed","type":"guage","value":1,"timestamp":1757417675938,"tags":{"validation_mode":"thorough"}}
{"metric":"sfpowerscripts.pool.available","type":"guage","value":10,"timestamp":1757501169901,"tags":{}}
{"metric":"sfpowerscripts.build.scheduled.packages","type":"count","timestamp":1757501170270,"tags":{"package":"crm-platform-base","type":"unlocked","is_diffcheck_enabled":"true","is_dependency_validated":"false","pr_mode":"true"}}
{"metric":"sfpowerscripts.package.metadatacount","type":"guage","value":1258,"timestamp":1757501173695,"tags":{"package":"crm-platform-base","type":"unlocked"}}
{"metric":"sfpowerscripts.package.metadatacount","type":"guage","value":1258,"timestamp":1757501173695,"tags":{"package":"crm-platform-base","type":"unlocked"}}
{"metric":"sfpowerscripts.package.created","type":"count","timestamp":1757501173695,"tags":{"package":"crm-platform-base","type":"unlocked","is_dependency_validated":"undefined"}}
{"metric":"sfpowerscripts.package.elapsed.time","type":"timers","value":28,"timestamp":1757501173696,"tags":{"package":"crm-platform-base","type":"unlocked","is_dependency_validated":"undefined"}}
{"metric":"sfpowerscripts.package.creation.elapsed_time","type":"timers","value":28,"timestamp":1757501173696,"tags":{"package":"crm-platform-base","type":"unlocked","is_dependency_validated":"undefined"}}
{"metric":"sfpowerscripts.build.succeeded.packages","type":"count","timestamp":1757501173697,"tags":{"package":"crm-platform-base","type":"unlocked","is_diffcheck_enabled":"true","is_dependency_validated":"false","pr_mode":"true"}}
{"metric":"sfpowerscripts.package.installation.elapsed_time","type":"timers","value":147695,"timestamp":1757501323318,"tags":{"package":"crm-platform-base","type":"unlocked","target_org":"test-4tmkrwm0wiof@example.com"}}
{"metric":"sfpowerscripts.package.installation","type":"count","timestamp":1757501323318,"tags":{"package":"crm-platform-base","type":"unlocked","target_org":"test-4tmkrwm0wiof@example.com"}}
{"metric":"sfpowerscripts.apextest.testtotal.time","type":"guage","value":682709,"timestamp":1757502006031,"tags":{"test_result":"false","package":"crm-platform-base","target_org":"test-4tmkrwm0wiof@example.com"}}
{"metric":"sfpowerscripts.apextests.triggered","type":"count","timestamp":1757502006043,"tags":{"test_result":"false","package":"crm-platform-base","type":"RunSpecifiedTests","target_org":"test-4tmkrwm0wiof@example.com"}}
{"metric":"sfpowerscripts.validate.failed","type":"count","timestamp":1757502006047,"tags":{"validation_mode":"thorough"}}
{"metric":"sfpowerscripts.validate.duration","type":"guage","value":839331,"timestamp":1757502006047,"tags":{"validation_mode":"thorough"}}
{"metric":"sfpowerscripts.validate.scheduled","type":"count","timestamp":1757502006047,"tags":{"validation_mode":"thorough"}}
{"metric":"sfpowerscripts.validate.packages.scheduled","type":"guage","value":1,"timestamp":1757502006047,"tags":{"validation_mode":"thorough"}}
{"metric":"sfpowerscripts.validate.packages.succeeded","type":"guage","value":1,"timestamp":1757502006047,"tags":{"validation_mode":"thorough"}}
{"metric":"sfpowerscripts.validate.packages.failed","type":"guage","value":1,"timestamp":1757502006047,"tags":{"validation_mode":"thorough"}}
